<?xml version="1.0" encoding="UTF-8"?>
<!-- Generated by org.testng.reporters.JUnitReportReporter -->
<testsuite skipped="0" hostname="mindtree473" name="Cucumber.RunnerTest" tests="1" failures="0" timestamp="2020-10-15T11:11:13 IST" time="34.557" errors="0">
  <testcase name="executeScenario" time="34.557" classname="Cucumber.RunnerTest"/>
  <system-out/>
</testsuite> <!-- Cucumber.RunnerTest -->
